[    0.000000] Initializing cgroup subsys cpuset
[    0.000000] Initializing cgroup subsys cpu
[    0.000000] Initializing cgroup subsys cpuacct
[    0.000000] Linux version 4.4.0-142-generic (buildd@lgw01-amd64-033) (gcc version 5.4.0 20160609 (Ubuntu 5.4.0-6ubuntu1~16.04.10) ) #168-Ubuntu SMP Wed Jan 16 21:00:45 UTC 2019 (Ubuntu 4.4.0-142.168-generic 4.4.167)
[    0.000000] Command line: BOOT_IMAGE=/boot/vmlinuz-4.4.0-142-generic root=LABEL=cloudimg-rootfs ro console=tty1 console=ttyS0
[    0.000000] KERNEL supported cpus:
[    0.000000]   Intel GenuineIntel
[    0.000000]   AMD AuthenticAMD
[    0.000000]   Centaur CentaurHauls
[    0.000000] x86/fpu: xstate_offset[2]:  576, xstate_sizes[2]:  256
[    0.000000] x86/fpu: Supporting XSAVE feature 0x01: 'x87 floating point registers'
[    0.000000] x86/fpu: Supporting XSAVE feature 0x02: 'SSE registers'
[    0.000000] x86/fpu: Supporting XSAVE feature 0x04: 'AVX registers'
[    0.000000] x86/fpu: Enabled xstate features 0x7, context size is 832 bytes, using 'standard' format.
[    0.000000] e820: BIOS-provided physical RAM map:
[    0.000000] BIOS-e820: [mem 0x0000000000000000-0x000000000009fbff] usable
[    0.000000] BIOS-e820: [mem 0x000000000009fc00-0x000000000009ffff] reserved
[    0.000000] BIOS-e820: [mem 0x00000000000f0000-0x00000000000fffff] reserved
[    0.000000] BIOS-e820: [mem 0x0000000000100000-0x000000007ffeffff] usable
[    0.000000] BIOS-e820: [mem 0x000000007fff0000-0x000000007fffffff] ACPI data
[    0.000000] BIOS-e820: [mem 0x00000000fec00000-0x00000000fec00fff] reserved
[    0.000000] BIOS-e820: [mem 0x00000000fee00000-0x00000000fee00fff] reserved
[    0.000000] BIOS-e820: [mem 0x00000000fffc0000-0x00000000ffffffff] reserved
[    0.000000] NX (Execute Disable) protection: active
[    0.000000] SMBIOS 2.5 present.
[    0.000000] Hypervisor detected: KVM
[    0.000000] e820: last_pfn = 0x7fff0 max_arch_pfn = 0x400000000
[    0.000000] MTRR: Disabled
[    0.000000] x86/PAT: MTRRs disabled, skipping PAT initialization too.
[    0.000000] CPU MTRRs all blank - virtualized system.
[    0.000000] x86/PAT: Configuration [0-7]: WB  WT  UC- UC  WB  WT  UC- UC  
[    0.000000] found SMP MP-table at [mem 0x0009fff0-0x0009ffff] mapped at [ffff88000009fff0]
[    0.000000] Scanning 1 areas for low memory corruption
[    0.000000] RAMDISK: [mem 0x3630a000-0x3717cfff]
[    0.000000] ACPI: Early table checksum verification disabled
[    0.000000] ACPI: RSDP 0x00000000000E0000 000024 (v02 VBOX  )
[    0.000000] ACPI: XSDT 0x000000007FFF0030 00003C (v01 VBOX   VBOXXSDT 00000001 ASL  00000061)
[    0.000000] ACPI: FACP 0x000000007FFF00F0 0000F4 (v04 VBOX   VBOXFACP 00000001 ASL  00000061)
[    0.000000] ACPI: DSDT 0x000000007FFF0470 0021FF (v02 VBOX   VBOXBIOS 00000002 INTL 20100528)
[    0.000000] ACPI: FACS 0x000000007FFF0200 000040
[    0.000000] ACPI: FACS 0x000000007FFF0200 000040
[    0.000000] ACPI: APIC 0x000000007FFF0240 00005C (v02 VBOX   VBOXAPIC 00000001 ASL  00000061)
[    0.000000] ACPI: SSDT 0x000000007FFF02A0 0001CC (v01 VBOX   VBOXCPUT 00000002 INTL 20100528)
[    0.000000] No NUMA configuration found
[    0.000000] Faking a node at [mem 0x0000000000000000-0x000000007ffeffff]
[    0.000000] NODE_DATA(0) allocated [mem 0x7ffeb000-0x7ffeffff]
[    0.000000] kvm-clock: Using msrs 4b564d01 and 4b564d00
[    0.000000] kvm-clock: cpu 0, msr 0:7ffe3001, primary cpu clock
[    0.000000] kvm-clock: using sched offset of 4828496382 cycles
[    0.000000] clocksource: kvm-clock: mask: 0xffffffffffffffff max_cycles: 0x1cd42e4dffb, max_idle_ns: 881590591483 ns
[    0.000000] Zone ranges:
[    0.000000]   DMA      [mem 0x0000000000001000-0x0000000000ffffff]
[    0.000000]   DMA32    [mem 0x0000000001000000-0x000000007ffeffff]
[    0.000000]   Normal   empty
[    0.000000]   Device   empty
[    0.000000] Movable zone start for each node
[    0.000000] Early memory node ranges
[    0.000000]   node   0: [mem 0x0000000000001000-0x000000000009efff]
[    0.000000]   node   0: [mem 0x0000000000100000-0x000000007ffeffff]
[    0.000000] Initmem setup node 0 [mem 0x0000000000001000-0x000000007ffeffff]
[    0.000000] ACPI: PM-Timer IO Port: 0x4008
[    0.000000] IOAPIC[0]: apic_id 2, version 32, address 0xfec00000, GSI 0-23
[    0.000000] ACPI: INT_SRC_OVR (bus 0 bus_irq 0 global_irq 2 dfl dfl)
[    0.000000] ACPI: INT_SRC_OVR (bus 0 bus_irq 9 global_irq 9 low level)
[    0.000000] Using ACPI (MADT) for SMP configuration information
[    0.000000] smpboot: Allowing 2 CPUs, 0 hotplug CPUs
[    0.000000] PM: Registered nosave memory: [mem 0x00000000-0x00000fff]
[    0.000000] PM: Registered nosave memory: [mem 0x0009f000-0x0009ffff]
[    0.000000] PM: Registered nosave memory: [mem 0x000a0000-0x000effff]
[    0.000000] PM: Registered nosave memory: [mem 0x000f0000-0x000fffff]
[    0.000000] e820: [mem 0x80000000-0xfebfffff] available for PCI devices
[    0.000000] Booting paravirtualized kernel on KVM
[    0.000000] clocksource: refined-jiffies: mask: 0xffffffff max_cycles: 0xffffffff, max_idle_ns: 7645519600211568 ns
[    0.000000] setup_percpu: NR_CPUS:512 nr_cpumask_bits:512 nr_cpu_ids:2 nr_node_ids:1
[    0.000000] PERCPU: Embedded 34 pages/cpu @ffff88007fc00000 s99480 r8192 d31592 u1048576
[    0.000000] Built 1 zonelists in Node order, mobility grouping on.  Total pages: 515960
[    0.000000] Policy zone: DMA32
[    0.000000] Kernel command line: BOOT_IMAGE=/boot/vmlinuz-4.4.0-142-generic root=LABEL=cloudimg-rootfs ro console=tty1 console=ttyS0
[    0.000000] PID hash table entries: 4096 (order: 3, 32768 bytes)
[    0.000000] Memory: 2029928K/2096696K available (8603K kernel code, 1332K rwdata, 4004K rodata, 1484K init, 1316K bss, 66768K reserved, 0K cma-reserved)
[    0.000000] SLUB: HWalign=64, Order=0-3, MinObjects=0, CPUs=2, Nodes=1
[    0.000000] Kernel/User page tables isolation: enabled
[    0.000000] Hierarchical RCU implementation.
[    0.000000] 	Build-time adjustment of leaf fanout to 64.
[    0.000000] 	RCU restricting CPUs from NR_CPUS=512 to nr_cpu_ids=2.
[    0.000000] RCU: Adjusting geometry for rcu_fanout_leaf=64, nr_cpu_ids=2
[    0.000000] NR_IRQS:33024 nr_irqs:440 16
[    0.000000] Console: colour VGA+ 80x25
[    0.000000] console [tty1] enabled
[    0.000000] console [ttyS0] enabled
[    0.000000] tsc: Detected 2294.692 MHz processor
[    0.479409] Calibrating delay loop (skipped) preset value.. 4589.38 BogoMIPS (lpj=9178768)
[    0.483285] pid_max: default: 32768 minimum: 301
[    0.485318] ACPI: Core revision 20150930
[    0.491983] ACPI: 2 ACPI AML tables successfully acquired and loaded
[    0.494931] Security Framework initialized
[    0.496839] Yama: becoming mindful.
[    0.498617] AppArmor: AppArmor initialized
[    0.506222] Dentry cache hash table entries: 262144 (order: 9, 2097152 bytes)
[    0.512202] Inode-cache hash table entries: 131072 (order: 8, 1048576 bytes)
[    0.521758] Mount-cache hash table entries: 4096 (order: 3, 32768 bytes)
[    0.525091] Mountpoint-cache hash table entries: 4096 (order: 3, 32768 bytes)
[    0.528333] Initializing cgroup subsys io
[    0.530213] Initializing cgroup subsys memory
[    0.532275] Initializing cgroup subsys devices
[    0.534920] Initializing cgroup subsys freezer
[    0.536944] Initializing cgroup subsys net_cls
[    0.539025] Initializing cgroup subsys perf_event
[    0.541405] Initializing cgroup subsys net_prio
[    0.543582] Initializing cgroup subsys hugetlb
[    0.545644] Initializing cgroup subsys pids
[    0.548719] mce: CPU supports 0 MCE banks
[    0.551236] Last level iTLB entries: 4KB 64, 2MB 8, 4MB 8
[    0.553582] Last level dTLB entries: 4KB 64, 2MB 0, 4MB 0, 1GB 4
[    0.556186] Spectre V2 : Mitigation: Full generic retpoline
[    0.558715] Spectre V2 : Spectre v2 / SpectreRSB mitigation: Filling RSB on context switch
[    0.562515] Speculative Store Bypass: Vulnerable
[    0.569840] Freeing SMP alternatives memory: 32K
[    0.581517] ftrace: allocating 32277 entries in 127 pages
[    0.686199] smpboot: APIC(0) Converting physical 0 to logical package 0
[    0.688900] smpboot: Max logical packages: 1
[    0.691972] x2apic enabled
[    0.694203] Switched APIC routing to physical x2apic.
[    0.699585] ..TIMER: vector=0x30 apic1=0 pin1=2 apic2=-1 pin2=-1
[    0.805878] smpboot: CPU0: Intel(R) Core(TM) i5-5300U CPU @ 2.30GHz (family: 0x6, model: 0x3d, stepping: 0x4)
[    0.814320] Performance Events: unsupported p6 CPU model 61 no PMU driver, software events only.
[    0.833618] KVM setup paravirtual spinlock
[    0.841884] x86: Booting SMP configuration:
[    0.843934] .... node  #0, CPUs:      #1
[    0.845680] kvm-clock: cpu 1, msr 0:7ffe3041, secondary cpu clock
[    0.848860] mce: CPU supports 0 MCE banks
[    0.852261] x86: Booted up 1 node, 2 CPUs
[    0.855460] smpboot: Total of 2 processors activated (9178.76 BogoMIPS)
[    0.859987] devtmpfs: initialized
[    0.877733] evm: security.selinux
[    0.879478] evm: security.SMACK64
[    0.881227] evm: security.SMACK64EXEC
[    0.883066] evm: security.SMACK64TRANSMUTE
[    0.885045] evm: security.SMACK64MMAP
[    0.886905] evm: security.ima
[    0.888516] evm: security.capability
[    0.891170] clocksource: jiffies: mask: 0xffffffff max_cycles: 0xffffffff, max_idle_ns: 7645041785100000 ns
[    0.895452] futex hash table entries: 512 (order: 3, 32768 bytes)
[    0.898263] pinctrl core: initialized pinctrl subsystem
[    0.900835] RTC time: 11:14:17, date: 04/15/19
[    0.903208] NET: Registered protocol family 16
[    0.915204] cpuidle: using governor ladder
[    0.927863] cpuidle: using governor menu
[    0.929824] PCCT header not found.
[    0.931769] ACPI: bus type PCI registered
[    0.933670] acpiphp: ACPI Hot Plug PCI Controller Driver version: 0.5
[    0.936465] PCI: Using configuration type 1 for base access
[    0.952563] ACPI: Added _OSI(Module Device)
[    0.954569] ACPI: Added _OSI(Processor Device)
[    0.957054] ACPI: Added _OSI(3.0 _SCP Extensions)
[    0.959270] ACPI: Added _OSI(Processor Aggregator Device)
[    0.963484] ACPI: Executed 1 blocks of module-level executable AML code
[    0.975834] ACPI: Interpreter enabled
[    0.978157] ACPI: (supports S0 S5)
[    0.980332] ACPI: Using IOAPIC for interrupt routing
[    0.983803] PCI: Using host bridge windows from ACPI; if necessary, use "pci=nocrs" and report a bug
[    1.002882] ACPI: PCI Root Bridge [PCI0] (domain 0000 [bus 00-ff])
[    1.006316] acpi PNP0A03:00: _OSC: OS supports [ASPM ClockPM Segments MSI]
[    1.009355] acpi PNP0A03:00: _OSC: not requesting OS control; OS requires [ExtendedConfig ASPM ClockPM MSI]
[    1.013495] acpi PNP0A03:00: fail to add MMCONFIG information, can't access extended PCI configuration space under this bridge.
[    1.018771] PCI host bridge to bus 0000:00
[    1.020667] pci_bus 0000:00: root bus resource [io  0x0000-0x0cf7 window]
[    1.023757] pci_bus 0000:00: root bus resource [io  0x0d00-0xffff window]
[    1.026629] pci_bus 0000:00: root bus resource [mem 0x000a0000-0x000bffff window]
[    1.030245] pci_bus 0000:00: root bus resource [mem 0x80000000-0xfdffffff window]
[    1.033742] pci_bus 0000:00: root bus resource [bus 00-ff]
[    1.039701] pci 0000:00:01.1: legacy IDE quirk: reg 0x10: [io  0x01f0-0x01f7]
[    1.043524] pci 0000:00:01.1: legacy IDE quirk: reg 0x14: [io  0x03f6]
[    1.047597] pci 0000:00:01.1: legacy IDE quirk: reg 0x18: [io  0x0170-0x0177]
[    1.051846] pci 0000:00:01.1: legacy IDE quirk: reg 0x1c: [io  0x0376]
[    1.103809] pci 0000:00:07.0: quirk: [io  0x4000-0x403f] claimed by PIIX4 ACPI
[    1.108494] pci 0000:00:07.0: quirk: [io  0x4100-0x410f] claimed by PIIX4 SMB
[    1.184360] ACPI: PCI Interrupt Link [LNKA] (IRQs 5 9 10 *11)
[    1.189374] ACPI: PCI Interrupt Link [LNKB] (IRQs 5 9 *10 11)
[    1.193631] ACPI: PCI Interrupt Link [LNKC] (IRQs 5 *9 10 11)
[    1.197913] ACPI: PCI Interrupt Link [LNKD] (IRQs 5 9 10 *11)
[    1.202254] ACPI: Enabled 2 GPEs in block 00 to 07
[    1.205942] vgaarb: setting as boot device: PCI:0000:00:02.0
[    1.209057] vgaarb: device added: PCI:0000:00:02.0,decodes=io+mem,owns=io+mem,locks=none
[    1.213839] vgaarb: loaded
[    1.222772] vgaarb: bridge control possible 0000:00:02.0
[    1.226501] SCSI subsystem initialized
[    1.229121] ACPI: bus type USB registered
[    1.231588] usbcore: registered new interface driver usbfs
[    1.234643] usbcore: registered new interface driver hub
[    1.237727] usbcore: registered new device driver usb
[    1.241498] PCI: Using ACPI for IRQ routing
[    1.244866] NetLabel: Initializing
[    1.247109] NetLabel:  domain hash size = 128
[    1.249675] NetLabel:  protocols = UNLABELED CIPSOv4
[    1.251899] NetLabel:  unlabeled traffic allowed by default
[    1.254584] amd_nb: Cannot enumerate AMD northbridges
[    1.257290] clocksource: Switched to clocksource kvm-clock
[    1.286586] AppArmor: AppArmor Filesystem Enabled
[    1.288946] pnp: PnP ACPI init
[    1.292746] pnp: PnP ACPI: found 3 devices
[    1.312660] clocksource: acpi_pm: mask: 0xffffff max_cycles: 0xffffff, max_idle_ns: 2085701024 ns
[    1.316913] NET: Registered protocol family 2
[    1.319326] TCP established hash table entries: 16384 (order: 5, 131072 bytes)
[    1.323054] TCP bind hash table entries: 16384 (order: 6, 262144 bytes)
[    1.326089] TCP: Hash tables configured (established 16384 bind 16384)
[    1.328993] UDP hash table entries: 1024 (order: 3, 32768 bytes)
[    1.332430] UDP-Lite hash table entries: 1024 (order: 3, 32768 bytes)
[    1.336384] NET: Registered protocol family 1
[    1.339270] pci 0000:00:00.0: Limiting direct PCI/PCI transfers
[    1.342592] pci 0000:00:01.0: Activating ISA DMA hang workarounds
[    1.345419] Unpacking initramfs...
[    1.978038] Freeing initrd memory: 14796K
[    1.980254] RAPL PMU detected, API unit is 2^-32 Joules, 4 fixed counters 10737418240 ms ovfl timer
[    1.984314] hw unit of domain pp0-core 2^-0 Joules
[    1.986501] hw unit of domain package 2^-0 Joules
[    1.988756] hw unit of domain dram 2^-0 Joules
[    1.991087] hw unit of domain pp1-gpu 2^-0 Joules
[    1.993285] platform rtc_cmos: registered platform RTC device (no PNP device found)
[    1.997215] Scanning for low memory corruption every 60 seconds
[    2.000581] audit: initializing netlink subsys (disabled)
[    2.006846] audit: type=2000 audit(1555326864.666:1): initialized
[    2.010016] Initialise system trusted keyring
[    2.012351] HugeTLB registered 2 MB page size, pre-allocated 0 pages
[    2.018988] zbud: loaded
[    2.021170] VFS: Disk quotas dquot_6.6.0
[    2.030269] VFS: Dquot-cache hash table entries: 512 (order 0, 4096 bytes)
[    2.033623] squashfs: version 4.0 (2009/01/31) Phillip Lougher
[    2.036762] fuse init (API version 7.23)
[    2.039202] Key type big_key registered
[    2.041229] Allocating IMA MOK and blacklist keyrings.
[    2.045734] Key type asymmetric registered
[    2.047672] Asymmetric key parser 'x509' registered
[    2.050002] Block layer SCSI generic (bsg) driver version 0.4 loaded (major 249)
[    2.053841] io scheduler noop registered
[    2.056889] io scheduler deadline registered (default)
[    2.060775] io scheduler cfq registered
[    2.063869] pci_hotplug: PCI Hot Plug PCI Core version: 0.5
[    2.066678] pciehp: PCI Express Hot Plug Controller Driver version: 0.4
[    2.069632] ACPI: AC Adapter [AC] (off-line)
[    2.071818] input: Power Button as /devices/LNXSYSTM:00/LNXPWRBN:00/input/input0
[    2.075550] ACPI: Power Button [PWRF]
[    2.077490] input: Sleep Button as /devices/LNXSYSTM:00/LNXSLPBN:00/input/input1
[    2.080941] ACPI: Sleep Button [SLPF]
[    2.083318] GHES: HEST is not enabled!
[    2.084860] ACPI: Battery Slot [BAT0] (battery present)
[    2.088214] Serial: 8250/16550 driver, 32 ports, IRQ sharing enabled
[    2.115412] 00:02: ttyS0 at I/O 0x3f8 (irq = 4, base_baud = 115200) is a 16550A
[    2.124397] Linux agpgart interface v0.103
[    2.135070] loop: module loaded
[    2.138091] scsi host0: ata_piix
[    2.140410] scsi host1: ata_piix
[    2.142223] ata1: PATA max UDMA/33 cmd 0x1f0 ctl 0x3f6 bmdma 0xd000 irq 14
[    2.144929] ata2: PATA max UDMA/33 cmd 0x170 ctl 0x376 bmdma 0xd008 irq 15
[    2.148016] libphy: Fixed MDIO Bus: probed
[    2.150050] tun: Universal TUN/TAP device driver, 1.6
[    2.152371] tun: (C) 1999-2004 Max Krasnyansky <maxk@qualcomm.com>
[    2.155156] PPP generic driver version 2.4.2
[    2.157451] ehci_hcd: USB 2.0 'Enhanced' Host Controller (EHCI) Driver
[    2.160148] ehci-pci: EHCI PCI platform driver
[    2.162319] ehci-platform: EHCI generic platform driver
[    2.164595] ohci_hcd: USB 1.1 'Open' Host Controller (OHCI) Driver
[    2.167288] ohci-pci: OHCI PCI platform driver
[    2.169308] ohci-platform: OHCI generic platform driver
[    2.171708] uhci_hcd: USB Universal Host Controller Interface driver
[    2.176068] i8042: PNP: PS/2 Controller [PNP0303:PS2K,PNP0f03:PS2M] at 0x60,0x64 irq 1,12
[    2.188950] serio: i8042 KBD port at 0x60,0x64 irq 1
[    2.193995] serio: i8042 AUX port at 0x60,0x64 irq 12
[    2.197727] mousedev: PS/2 mouse device common for all mice
[    2.202137] input: AT Translated Set 2 keyboard as /devices/platform/i8042/serio0/input/input2
[    2.208506] rtc_cmos rtc_cmos: rtc core: registered rtc_cmos as rtc0
[    2.212122] rtc_cmos rtc_cmos: alarms up to one day, 114 bytes nvram
[    2.215451] i2c /dev entries driver
[    2.217800] device-mapper: uevent: version 1.0.3
[    2.220679] device-mapper: ioctl: 4.34.0-ioctl (2015-10-28) initialised: dm-devel@redhat.com
[    2.225772] ledtrig-cpu: registered to indicate activity on CPUs
[    2.229953] NET: Registered protocol family 10
[    2.232414] NET: Registered protocol family 17
[    2.234452] Key type dns_resolver registered
[    2.237276] registered taskstats version 1
[    2.239656] Loading compiled-in X.509 certificates
[    2.242930] Loaded X.509 cert 'Build time autogenerated kernel key: bff73e56bc0efa7435b2a24f5427674623f1be80'
[    2.247150] zswap: loaded using pool lzo/zbud
[    2.252915] Key type trusted registered
[    2.262575] Key type encrypted registered
[    2.265003] AppArmor: AppArmor sha1 policy hashing enabled
[    2.268141] ima: No TPM chip found, activating TPM-bypass!
[    2.271864] ima: Allocated hash algorithm: sha1
[    2.274807] evm: HMAC attrs: 0x1
[    2.277566]   Magic number: 15:447:226
[    2.279978] rtc_cmos rtc_cmos: setting system clock to 2019-04-15 11:14:19 UTC (1555326859)
[    2.285140] BIOS EDD facility v0.16 2004-Jun-25, 0 devices found
[    2.288529] EDD information not available.
[    2.311918] Freeing unused kernel memory: 1484K
[    2.315121] Write protecting the kernel read-only data: 14336k
[    2.319629] Freeing unused kernel memory: 1624K
[    2.323072] Freeing unused kernel memory: 92K
Loading, please wait...
starting version 229
[    2.361353] random: systemd-udevd: uninitialized urandom read (16 bytes read, 5 bits of entropy available)
[    2.362638] random: udevadm: uninitialized urandom read (16 bytes read, 5 bits of entropy available)
[    2.362680] random: udevadm: uninitialized urandom read (16 bytes read, 5 bits of entropy available)
[    2.396169] random: udevadm: uninitialized urandom read (16 bytes read, 5 bits of entropy available)
[    2.396294] random: udevadm: uninitialized urandom read (16 bytes read, 5 bits of entropy available)
[    2.397254] random: udevadm: uninitialized urandom read (16 bytes read, 5 bits of entropy available)
[    2.397631] random: udevadm: uninitialized urandom read (16 bytes read, 5 bits of entropy available)
[    2.397811] random: udevadm: uninitialized urandom read (16 bytes read, 5 bits of entropy available)
[    2.397973] random: udevadm: uninitialized urandom read (16 bytes read, 5 bits of entropy available)
[    2.398143] random: udevadm: uninitialized urandom read (16 bytes read, 5 bits of entropy available)
[    2.547618] Fusion MPT base driver 3.04.20
[    2.550093] Copyright (c) 1999-2008 LSI Corporation
[    2.553069] e1000: Intel(R) PRO/1000 Network Driver - version 7.3.21-k8-NAPI
[    2.556846] e1000: Copyright (c) 1999-2006 Intel Corporation.
[    2.574867] Fusion MPT SPI Host driver 3.04.20
[    2.578961] mptbase: ioc0: Initiating bringup
[    2.626625] AVX2 version of gcm_enc/dec engaged.
[    2.629516] AES CTR mode by8 optimization enabled
[    2.646205] ioc0: LSI53C1030 A0: Capabilities={Initiator}
[    3.084374] input: ImExPS/2 Generic Explorer Mouse as /devices/platform/i8042/serio1/input/input4
[    3.166987] tsc: Refined TSC clocksource calibration: 2295.054 MHz
[    3.169868] clocksource: tsc: mask: 0xffffffffffffffff max_cycles: 0x2114f4e4194, max_idle_ns: 440795302227 ns
[    3.576766] scsi host2: ioc0: LSI53C1030 A0, FwRev=00000000h, Ports=1, MaxQ=256, IRQ=20
[    3.734062] scsi 2:0:0:0: Direct-Access     VBOX     HARDDISK         1.0  PQ: 0 ANSI: 5
[    4.168471] scsi target2:0:0: Beginning Domain Validation
[    4.178527] scsi target2:0:0: Domain Validation skipping write tests
[    4.181621] scsi target2:0:0: Ending Domain Validation
[    4.184523] scsi target2:0:0: asynchronous
[    4.187610] scsi 2:0:1:0: Direct-Access     VBOX     HARDDISK         1.0  PQ: 0 ANSI: 5
[    4.191455] scsi target2:0:1: Beginning Domain Validation
[    4.199340] scsi target2:0:1: Domain Validation skipping write tests
[    4.237391] scsi target2:0:1: Ending Domain Validation
[    4.241660] scsi target2:0:1: asynchronous
[    4.263233] sd 2:0:0:0: Attached scsi generic sg0 type 0
[    4.266531] sd 2:0:0:0: [sda] 20971520 512-byte logical blocks: (10.7 GB/10.0 GiB)
[    4.272486] sd 2:0:1:0: [sdb] 20480 512-byte logical blocks: (10.5 MB/10.0 MiB)
[    4.277407] sd 2:0:1:0: Attached scsi generic sg1 type 0
[    4.281201] sd 2:0:1:0: [sdb] Write Protect is off
[    4.284191] sd 2:0:0:0: [sda] Write Protect is off
[    4.287295] sd 2:0:0:0: [sda] Incomplete mode parameter data
[    4.295954] sd 2:0:0:0: [sda] Assuming drive cache: write through
[    4.299161] sd 2:0:1:0: [sdb] Incomplete mode parameter data
[    4.302381] sd 2:0:1:0: [sdb] Assuming drive cache: write through
[    4.316315]  sda: sda1
[    4.320355] sd 2:0:1:0: [sdb] Attached SCSI disk
[    4.328877] sd 2:0:0:0: [sda] Attached SCSI disk
[    4.646826] e1000 0000:00:03.0 eth0: (PCI:33MHz:32-bit) 02:a9:46:80:4d:77
[    4.650405] e1000 0000:00:03.0 eth0: Intel(R) PRO/1000 Network Connection
[    5.114495] e1000 0000:00:08.0 eth1: (PCI:33MHz:32-bit) 08:00:27:56:7e:7d
[    5.118751] e1000 0000:00:08.0 eth1: Intel(R) PRO/1000 Network Connection
[    5.124886] e1000 0000:00:08.0 enp0s8: renamed from eth1
[    5.138064] e1000 0000:00:03.0 enp0s3: renamed from eth0
Begin: Loading essential drivers ... [    7.170736] md: linear personality registered for level -1
[    7.177912] md: multipath personality registered for level -4
[    7.184961] md: raid0 personality registered for level 0
[    7.201923] md: raid1 personality registered for level 1
[    7.285837] raid6: sse2x1   gen()  2330 MB/s
[    7.354062] raid6: sse2x1   xor()  1383 MB/s
[    7.421368] raid6: sse2x2   gen()  3899 MB/s
[    7.489354] raid6: sse2x2   xor()  2646 MB/s
[    7.557477] raid6: sse2x4   gen()  6076 MB/s
[    7.625827] raid6: sse2x4   xor()  3530 MB/s
[    7.705361] raid6: avx2x1   gen()  4760 MB/s
[    7.773717] raid6: avx2x2   gen()  8730 MB/s
[    7.841553] raid6: avx2x4   gen() 11277 MB/s
[    7.843605] raid6: using algorithm avx2x4 gen() 11277 MB/s
[    7.846150] raid6: using avx2x2 recovery algorithm
[    7.850672] xor: automatically using best checksumming function:
[    7.897753]    avx       : 13717.000 MB/sec
[    7.902211] async_tx: api initialized (async)
[    7.923522] md: raid6 personality registered for level 6
[    7.925995] md: raid5 personality registered for level 5
[    7.928370] md: raid4 personality registered for level 4
[    7.943052] md: raid10 personality registered for level 10
done.
Begin: Running /scripts/init-premount ... done.
Begin: Mounting root file system ... Begin: Running /scripts/local-top ... done.
Begin: Running /scripts/local-premount ... [    8.017018] Btrfs loaded
Scanning for Btrfs filesystems
done.
Warning: fsck not present, so skipping root file system
[    8.074048] EXT4-fs (sda1): mounted filesystem with ordered data mode. Opts: (null)
done.
Begin: Running /scripts/local-bottom ... done.
Begin: Running /scripts/init-bottom ... done.
[    8.255399] systemd[1]: systemd 229 running in system mode. (+PAM +AUDIT +SELINUX +IMA +APPARMOR +SMACK +SYSVINIT +UTMP +LIBCRYPTSETUP +GCRYPT +GNUTLS +ACL +XZ -LZ4 +SECCOMP +BLKID +ELFUTILS +KMOD -IDN)
[    8.264032] systemd[1]: Detected virtualization oracle.
[    8.266739] systemd[1]: Detected architecture x86-64.

Welcome to [1mUbuntu 16.04.5 LTS[0m!

[    8.274011] systemd[1]: Set hostname to <ubuntu>.
[    8.279148] systemd[1]: Initializing machine ID from random generator.
[    8.281889] systemd[1]: Installed transient /etc/machine-id file.
[    8.501002] systemd[1]: Started Forward Password Requests to Wall Directory Watch.
[[0;32m  OK  [0m] Started Forward Password Requests to Wall Directory Watch.
[    8.515539] systemd[1]: Listening on LVM2 metadata daemon socket.
[[0;32m  OK  [0m] Listening on LVM2 metadata daemon socket.
[    8.538237] systemd[1]: Reached target Encrypted Volumes.
[[0;32m  OK  [0m] Reached target Encrypted Volumes.
[    8.542802] systemd[1]: Listening on Journal Socket.
[[0;32m  OK  [0m] Listening on Journal Socket.
[    8.547059] systemd[1]: Reached target User and Group Name Lookups.
[[0;32m  OK  [0m] Reached target User and Group Name Lookups.
[    8.566692] systemd[1]: Listening on Device-mapper event daemon FIFOs.
[[0;32m  OK  [0m] Listening on Device-mapper event daemon FIFOs.
[    8.574927] systemd[1]: Set up automount Arbitrary Executable File Formats File System Automount Point.
[[0;32m  OK  [0m] Set up automount Arbitrary Executab...ats File System Automount Point.
[    8.582894] systemd[1]: Listening on udev Kernel Socket.
[[0;32m  OK  [0m] Listening on udev Kernel Socket.
[    8.587826] systemd[1]: Listening on Journal Audit Socket.
[[0;32m  OK  [0m] Listening on Journal Audit Socket.
[    8.592689] systemd[1]: Listening on LVM2 poll daemon socket.
[[0;32m  OK  [0m] Listening on LVM2 poll daemon socket.
[    8.597647] systemd[1]: Listening on Syslog Socket.
[[0;32m  OK  [0m] Listening on Syslog Socket.
[    8.605545] systemd[1]: Listening on /dev/initctl Compatibility Named Pipe.
[[0;32m  OK  [0m] Listening on /dev/initctl Compatibility Named Pipe.
[    8.611014] systemd[1]: Started Trigger resolvconf update for networkd DNS.
[[0;32m  OK  [0m] Started Trigger resolvconf update for networkd DNS.
[    8.617182] systemd[1]: Created slice User and Session Slice.
[[0;32m  OK  [0m] Created slice User and Session Slice.
[    8.622570] systemd[1]: Reached target Swap.
[[0;32m  OK  [0m] Reached target Swap.
[    8.628383] systemd[1]: Listening on Journal Socket (/dev/log).
[[0;32m  OK  [0m] Listening on Journal Socket (/dev/log).
[    8.633987] systemd[1]: Reached target System Time Synchronized.
[[0;32m  OK  [0m] Reached target System Time Synchronized.
[    8.640072] systemd[1]: Listening on udev Control Socket.
[[0;32m  OK  [0m] Listening on udev Control Socket.
[    8.645386] systemd[1]: Created slice System Slice.
[[0;32m  OK  [0m] Created slice System Slice.
[    8.661966] systemd[1]: Mounting Huge Pages File System...
         Mounting Huge Pages File System...
[    8.667327] systemd[1]: Created slice system-serial\x2dgetty.slice.
[[0;32m  OK  [0m] Created slice system-serial\x2dgetty.slice.
[    8.675301] systemd[1]: Mounting Debug File System...
         Mounting Debug File System...
[    8.680289] systemd[1]: Reached target Slices.
[[0;32m  OK  [0m] Reached target Slices.
[    8.686390] systemd[1]: Starting Create list of required static device nodes for the current kernel...
         Starting Create list of required st... nodes for the current kernel...
[    8.697018] systemd[1]: Mounting POSIX Message Queue File System...
         Mounting POSIX Message Queue File System...
[    8.704060] systemd[1]: Starting Nameserver information manager...
         Starting Nameserver information manager...
[    8.712300] systemd[1]: Starting Load Kernel Modules...
[    8.734165] Loading iSCSI transport class v2.0-870.
         Starting Load Kernel Modules...
[    8.740793] systemd[1]: Starting Uncomplicated firewall...
         Starting Uncomplicated firewall...
[    8.755726] systemd[1]: Starting Remount Root and Kernel File Systems...
[    8.759811] iscsi: registered transport (tcp)
         Starting Remount Root and Kernel File Systems...
[    8.765022] systemd[1]: Starting Monitoring of LVM2 mirrors, snapshots etc. using dmeventd or progress polling...
[    8.770587] EXT4-fs (sda1): re-mounted. Opts: (null)
         Starting Monitoring of LVM2 mirrors... dmeventd or progress polling...
[    8.787382] systemd[1]: Starting Set console keymap...
         Starting Set console keymap...
[    8.810943] systemd[1]: Starting Journal Service...
         Starting Journal Service...
[    8.829146] systemd[1]: Mounted Huge Pages File System.
[[0;32m  OK  [0m] Mounted Huge Pages File System.
[    8.835758] systemd[1]: Mounted Debug File System.
[[0;32m  OK  [0m] Mounted Debug File System.
[    8.856194] systemd[1]: Mounted POSIX Message Queue File System.
[[0;32m  OK  [0m] Mounted POSIX Message Queue File System.
[    8.890459] random: nonblocking pool is initialized
[    8.891026] systemd[1]: Started Create list of required static device nodes for the current kernel.
[[0;32m  OK  [0m] Started Create list of required sta...ce nodes for the current kernel.
[    8.911157] iscsi: registered transport (iser)
[    8.934655] systemd[1]: Started Load Kernel Modules.
[[0;32m  OK  [0m] Started Load Kernel Modules.
[    8.942801] systemd[1]: Started Uncomplicated firewall.
[[0;32m  OK  [0m] Started Uncomplicated firewall.
[    8.950190] systemd[1]: Started Remount Root and Kernel File Systems.
[[0;32m  OK  [0m] Started Remount Root and Kernel File Systems.
[    8.959743] systemd[1]: Started Nameserver information manager.
[[0;32m  OK  [0m] Started Nameserver information manager.
[    8.982822] systemd[1]: Started Journal Service.
[[0;32m  OK  [0m] Started Journal Service.
[[0;32m  OK  [0m] Started Set console keymap.
[[0;32m  OK  [0m] Started LVM2 metadata daemon.
         Starting udev Coldplug all Devices...
         Starting Load/Save Random Seed...
         Starting Flush Journal to Persistent Storage...
         Mounting FUSE Control File System...
         Starting Apply Kernel Variables...
         Starting Create Static Device Nodes in /dev...
[[0;32m  OK  [0m] Mounted FUSE Control File System.
[[0;32m  OK  [0m] Started Load/Save Random Seed.
[[0;32m  OK  [0m] Started Apply Kernel Variables.
[[0;32m  OK  [0m] Started Create Static Device Nodes in /dev.
[[0;32m  OK  [0m] Started Flush Journal to Persistent Storage.
[[0;32m  OK  [0m] Started udev Coldplug all Devices.
         Starting udev Kernel Device Manager...
[[0;32m  OK  [0m] Started udev Kernel Device Manager.
[[0;32m  OK  [0m] Started Dispatch Password Requests to Console Directory Watch.
[[0;32m  OK  [0m] Found device /dev/ttyS0.
[[0;32m  OK  [0m] Started Monitoring of LVM2 mirrors,...ng dmeventd or progress polling.
[[0;32m  OK  [0m] Reached target Local File Systems (Pre).
[[0;32m  OK  [0m] Reached target Local File Systems.
         Starting Create Volatile Files and Directories...
         Starting LSB: AppArmor initialization...
         Starting Set console font and keymap...
         Starting Initial cloud-init job (pre-networking)...
         Starting Tell Plymouth To Write Out Runtime Data...
         Starting Commit a transient machine-id on disk...
[[0;32m  OK  [0m] Started Create Volatile Files and Directories.
[[0;32m  OK  [0m] Started Tell Plymouth To Write Out Runtime Data.
[[0;32m  OK  [0m] Started Commit a transient machine-id on disk.
[[0;32m  OK  [0m] Listening on Load/Save RF Kill Switch Status /dev/rfkill Watch.
         Starting Update UTMP about System Boot/Shutdown...
[[0;32m  OK  [0m] Started Update UTMP about System Boot/Shutdown.
[[0;32m  OK  [0m] Started Set console font and keymap.
[[0;32m  OK  [0m] Created slice system-getty.slice.
[   13.806898] cloud-init[618]: Cloud-init v. 18.4-0ubuntu1~16.04.2 running 'init-local' at Mon, 15 Apr 2019 11:14:30 +0000. Up 12.80 seconds.
[[0;32m  OK  [0m] Started Initial cloud-init job (pre-networking).
[[0;32m  OK  [0m] Reached target Network (Pre).
[[0;32m  OK  [0m] Started LSB: AppArmor initialization.
         Starting Raise network interfaces...
[[0;32m  OK  [0m] Started Raise network interfaces.
         Starting Initial cloud-init job (metadata service crawler)...
[[0;32m  OK  [0m] Reached target Network.
[   17.229572] cloud-init[943]: Cloud-init v. 18.4-0ubuntu1~16.04.2 running 'init' at Mon, 15 Apr 2019 11:14:34 +0000. Up 16.09 seconds.
[   17.237239] cloud-init[943]: ci-info: ++++++++++++++++++++++++++++++++++++++Net device info+++++++++++++++++++++++++++++++++++++++
[   17.242051] cloud-init[943]: ci-info: +--------+-------+----------------------------+---------------+--------+-------------------+
[   17.260945] cloud-init[943]: ci-info: | Device |   Up  |          Address           |      Mask     | Scope  |     Hw-Address    |
[   17.267225] cloud-init[943]: ci-info: +--------+-------+----------------------------+---------------+--------+-------------------+
[   17.271621] cloud-init[943]: ci-info: | enp0s3 |  True |         10.0.2.15          | 255.255.255.0 | global | 02:a9:46:80:4d:77 |
[   17.277692] cloud-init[943]: ci-info: | enp0s3 |  True | fe80::a9:46ff:fe80:4d77/64 |       .       |  link  | 02:a9:46:80:4d:77 |
[   17.282147] cloud-init[943]: ci-info: | enp0s8 | False |             .              |       .       |   .    | 08:00:27:56:7e:7d |
[   17.286803] cloud-init[943]: ci-info: |   lo   |  True |         127.0.0.1          |   255.0.0.0   |  host  |         .         |
[   17.291877] cloud-init[943]: ci-info: |   lo   |  True |          ::1/128           |       .       |  host  |         .         |
[   17.296723] cloud-init[943]: ci-info: +--------+-------+----------------------------+---------------+--------+-------------------+
[   17.301372] cloud-init[943]: ci-info: +++++++++++++++++++++++++++Route IPv4 info++++++++++++++++++++++++++++
[   17.305298] cloud-init[943]: ci-info: +-------+-------------+----------+---------------+-----------+-------+
[   17.309134] cloud-init[943]: ci-info: | Route | Destination | Gateway  |    Genmask    | Interface | Flags |
[   17.312940] cloud-init[943]: ci-info: +-------+-------------+----------+---------------+-----------+-------+
[   17.333393] cloud-init[943]: ci-info: |   0   |   0.0.0.0   | 10.0.2.2 |    0.0.0.0    |   enp0s3  |   UG  |
[   17.337409] cloud-init[943]: ci-info: |   1   |   10.0.2.0  | 0.0.0.0  | 255.255.255.0 |   enp0s3  |   U   |
[   17.341310] cloud-init[943]: ci-info: +-------+-------------+----------+---------------+-----------+-------+
[   17.345038] cloud-init[943]: ci-info: +++++++++++++++++++Route IPv6 info+++++++++++++++++++
[   17.348746] cloud-init[943]: ci-info: +-------+-------------+---------+-----------+-------+
[   17.352765] cloud-init[943]: ci-info: | Route | Destination | Gateway | Interface | Flags |
[   17.356081] cloud-init[943]: ci-info: +-------+-------------+---------+-----------+-------+
[   17.359460] cloud-init[943]: ci-info: |   0   |  fe80::/64  |    ::   |   enp0s3  |   U   |
[   17.362904] cloud-init[943]: ci-info: |   3   |   ff00::/8  |    ::   |   enp0s3  |   U   |
[   17.366284] cloud-init[943]: ci-info: +-------+-------------+---------+-----------+-------+
[   17.370437] cloud-init[943]: Generating public/private rsa key pair.
[   17.373335] cloud-init[943]: Your identification has been saved in /etc/ssh/ssh_host_rsa_key.
[   17.376826] cloud-init[943]: Your public key has been saved in /etc/ssh/ssh_host_rsa_key.pub.
[   17.380506] cloud-init[943]: The key fingerprint is:
[   17.383155] cloud-init[943]: SHA256:6wAWypndRUyTj6PHnbSBAwYQ1cS7PHQHXgb+O/V5iOM root@ubuntu-xenial
[   17.387291] cloud-init[943]: The key's randomart image is:
[   17.390062] cloud-init[943]: +---[RSA 2048]----+
[   17.392701] cloud-init[943]: |  o+o=.o=o       |
[   17.395084] cloud-init[943]: |      =o+.o      |
[   17.397462] cloud-init[943]: |    .. +oB       |
[   17.400233] cloud-init[943]: | . = oo.B.=      |
[   17.402762] cloud-init[943]: |  = +o.=S*.+.    |
[   17.405187] cloud-init[943]: |   . .= o.+o o o |
[   17.407751] cloud-init[943]: |      .o. o o + .|
[[   17.415154] cloud-init[943]: |       o   o . . |
[0;32m  OK  [0m[   17.415909] cloud-init[943]: |        .   E    |
] Started Initial cloud-init job (metadata service crawler).
[   17.416610] cloud-init[943]: +----[SHA256]-----+
[   17.423169] cloud-init[943]: Generating public/private dsa key pair.
[   17.425777] cloud-init[943]: Your identification has been saved in /etc/ssh/ssh_host_dsa_key.
[   17.428911] cloud-init[943]: Your public key has been saved in /etc/ssh/ssh_host_dsa_key.pub.
[   17.431949] cloud-init[943]: The key fingerprint is:
[   17.451636] cloud-init[943]: SHA256:yhvoiHMdtI6QW2WKg7ASiiaeha/5w6i3AQPUUEeAHxY root@ubuntu-xenial
[   17.452276] cloud-init[943]: The key's randomart image is:
[   17.454633] cloud-init[943]: +---[DSA 1024]----+
[   17.454961] cloud-init[943]: | o=E+o           |
[   17.455318] cloud-init[943]: |.. +.            |
[   17.455692] cloud-init[943]: |. o .            |
[   17.456097] cloud-init[943]: |+  .+            |
[   17.456409] cloud-init[943]: |B=.= .  S        |
[   17.456803] cloud-init[943]: |%=o.oo .         |
[   17.457148] cloud-init[943]: |==B+..+          |
[   17.457524] cloud-init[943]: |o==Bo  o         |
[   17.457883] cloud-init[943]: |+*=oo .          |
[   17.458237] cloud-init[943]: +----[SHA256]-----+
[   17.458618] cloud-init[943]: Generating public/private ecdsa key pair.
[   17.460556] cloud-init[943]: Your identification has been saved in /etc/ssh/ssh_host_ecdsa_key.
[   17.460910] cloud-init[943]: Your public key has been saved in /etc/ssh/ssh_host_ecdsa_key.pub.
[   17.461268] cloud-init[943]: The key fingerprint is:
[   17.461630] cloud-init[943]: SHA256:oMRA6py2JN1szgWcmm7ZSTcA4xYFrhvkgpDXkSIC5uc root@ubuntu-xenial
[   17.461983] cloud-init[943]: The key's randomart image is:
[   17.462368] cloud-init[943]: +---[ECDSA 256]---+
[   17.462716] cloud-init[943]: |ooBoo.           |
[   17.463069] cloud-init[943]: |==.O.o           |
[   17.463435] cloud-init[943]: |=+=oO .          |
[   17.463786] cloud-init[943]: |B=+* + .         |
[   17.464535] cloud-init[943]: |*B+E* + S        |
[   17.464878] cloud-init[943]: |=+.B + .         |
[   17.465260] cloud-init[943]: |..+ =            |
[   17.465597] cloud-init[943]: | .               |
[   17.465949] cloud-init[943]: |                 |
[[0;32m  OK  [0m] Reached target Cloud-config availability.
[   17.466388] cloud-init[943]: +----[SHA256]-----+
[[   17.496125] cloud-init[943]: Generating public/private ed25519 key pair.
[0;32m  OK  [0m[   17.497438] cloud-init[943]: Your identification has been saved in /etc/ssh/ssh_host_ed25519_key.
] [   17.499715] cloud-init[943]: Your public key has been saved in /etc/ssh/ssh_host_ed25519_key.pub.
Reached target Network is Online.[   17.502289] cloud-init[943]: The key fingerprint is:

[   17.505171] cloud-init[943]: SHA256:NV0PM2JWThhJqIvwTB+oHT55XemdewzNSVCiyyZXsPc root@ubuntu-xenial
[   17.506627] cloud-init[943]: The key's randomart image is:
[   17.507475] cloud-init[943]: +--[ED25519 256]--+
[   17.519816] cloud-init[943]: |           +**O. |
[   17.521962] cloud-init[943]: |          .+**.= |
         [   17.533128] cloud-init[943]: |       . .oo.+o .|
Starting iSCSI initiator daemon (iscsid)...[   17.534854] cloud-init[943]: |    . + o...* .. |

[   17.535359] cloud-init[943]: |     O =S= B ..E.|
[[   17.545487] cloud-init[943]: |    . O + = . +.o|
[0;32m  OK  [0m[   17.549096] cloud-init[943]: |       o       + |
] [   17.551120] cloud-init[943]: |              . o|
Reached target System Initialization.[   17.552859] cloud-init[943]: |               . |

[   17.554829] cloud-init[943]: +----[SHA256]-----+
[[0;32m  OK  [0m] Listening on D-Bus System Message Bus Socket.
[[0;32m  OK  [0m] Started Daily Cleanup of Temporary Directories.
         Starting Socket activation for snappy daemon.
         Starting LXD - unix socket.
[[0;32m  OK  [0m] Listening on UUID daemon activation socket.
[[0;32m  OK  [0m] Listening on ACPID Listen Socket.
[[0;32m  OK  [0m] Started ACPI Events Check.
[[0;32m  OK  [0m] Reached target Paths.
[[0;32m  OK  [0m] Started Daily apt download activities.
[[0;32m  OK  [0m] Started Daily apt upgrade and clean activities.
[[0;32m  OK  [0m] Reached target Timers.
[[0;32m  OK  [0m] Listening on Socket activation for snappy daemon.
[[0;32m  OK  [0m] Listening on LXD - unix socket.
[[0;32m  OK  [0m] Started iSCSI initiator daemon (iscsid).
         Starting Login to default iSCSI targets...
[[0;32m  OK  [0m] Reached target Sockets.
[[0;32m  OK  [0m] Reached target Basic System.
[[0;32m  OK  [0m] Started Unattended Upgrades Shutdown.
[[0;32m  OK  [0m] Started FUSE filesystem for LXC.
         Starting Login Service...
[[0;32m  OK  [0m] Started Deferred execution scheduler.
         Starting Accounts Service...
         Starting LSB: MD monitoring daemon...
         Starting System Logging Service...
         Starting LXD - container startup/shutdown...
[[0;32m  OK  [0m] Started ACPI event daemon.
         Starting /etc/rc.local Compatibility...
         Starting Virtualbox guest utils...
         Starting LSB: Record successful boot for GRUB...
[[0;32m  OK  [0m] Started D-Bus System Message Bus.
         Starting Pollinate to seed the pseudo random number generator...
[[0;32m  OK  [0m] Started Regular background program processing daemon.
         Starting Snappy daemon...
[[0;32m  OK  [0m] Started System Logging Service.
[[0;32m  OK  [0m] Started /etc/rc.local Compatibility.
[[0;32m  OK  [0m] Started LXD - container startup/shutdown.
[[0;32m  OK  [0m] Started Login to default iSCSI targets.
[[0;32m  OK  [0m] Started LSB: MD monitoring daemon.
[[0;32m  OK  [0m] Started LSB: Record successful boot for GRUB.
[[0;32m  OK  [0m] Started Login Service.
         Starting Authenticate and Authorize Users to Run Privileged Tasks...
[[0;32m  OK  [0m] Reached target Remote File Systems (Pre).
[[0;32m  OK  [0m] Reached target Remote File Systems.
         Starting LSB: automatic crash report generation...
         Starting LSB: daemon to balance interrupts for SMP systems...
         Starting LSB: Set the CPU Frequency Scaling governor to "ondemand"...
         Starting Permit User Sessions...
[[0;32m  OK  [0m] Started Permit User Sessions.
[[0;32m  OK  [0m] Started Snappy daemon.
[[0;32m  OK  [0m] Started Authenticate and Authorize Users to Run Privileged Tasks.
[[0;32m  OK  [0m] Started Accounts Service.
[[0;32m  OK  [0m] Started Virtualbox guest utils.
         Starting Wait until snapd is fully seeded...
         Starting Terminate Plymouth Boot Screen...
         Starting Hold until boot process finishes up...
[[0;32m  OK  [0m] Started LSB: daemon to balance interrupts for SMP systems.
[[0;32m  OK  [0m] Started LSB: Set the CPU Frequency Scaling governor to "ondemand".
[[0;32m  OK  [0m] Started LSB: automatic crash report generation.
[[0;32m  OK  [0m] Started Pollinate to seed the pseudo random number generator.
[[0;32m  OK  [0m] Started Terminate Plymouth Boot Screen.
[[0;32m  OK  [0m] Started Hold until boot process finishes up.
[[0;32m  OK  [0m] Started Getty on tty1.
         Starting Set console scheme...
[[0;32m  OK  [0m] Started Serial Getty on ttyS0.
[[0;32m  OK  [0m] Reached target Login Prompts.
         Starting OpenBSD Secure Shell server...
[[0;32m  OK  [0m] Started Set console scheme.
[[0;32m  OK  [0m] Started OpenBSD Secure Shell server.
[[0;32m  OK  [0m] Started Wait until snapd is fully seeded.
[[0;32m  OK  [0m] Reached target Multi-User System.
[[0;32m  OK  [0m] Reached target Graphical Interface.
         Starting Update UTMP about System Runlevel Changes...
         Starting Apply the settings specified in cloud-config...
[[0;32m  OK  [0m] Started Update UTMP about System Runlevel Changes.
[[0;32m  OK  [0m] Created slice User Slice of vagrant.
         Starting User Manager for UID 1000...
[[0;32m  OK  [0m] Started Session 1 of user vagrant.
[[0;32m  OK  [0m] Started User Manager for UID 1000.
[   21.173591] cloud-init[1275]: Generating locales (this might take a while)...
[   24.694621] cloud-init[1275]:   en_US.UTF-8... done
[   24.695693] cloud-init[1275]: Generation complete.

Ubuntu 16.04.5 LTS ubuntu-xenial ttyS0

ubuntu-xenial login: [   25.595038] cloud-init[1275]: Cloud-init v. 18.4-0ubuntu1~16.04.2 running 'modules:config' at Mon, 15 Apr 2019 11:14:38 +0000. Up 20.85 seconds.
ci-info: no authorized ssh keys fingerprints found for user ubuntu.
<14>Apr 15 11:14:44 ec2: 
<14>Apr 15 11:14:44 ec2: #############################################################
<14>Apr 15 11:14:44 ec2: -----BEGIN SSH HOST KEY FINGERPRINTS-----
<14>Apr 15 11:14:44 ec2: 1024 SHA256:yhvoiHMdtI6QW2WKg7ASiiaeha/5w6i3AQPUUEeAHxY root@ubuntu-xenial (DSA)
<14>Apr 15 11:14:44 ec2: 256 SHA256:oMRA6py2JN1szgWcmm7ZSTcA4xYFrhvkgpDXkSIC5uc root@ubuntu-xenial (ECDSA)
<14>Apr 15 11:14:44 ec2: 256 SHA256:NV0PM2JWThhJqIvwTB+oHT55XemdewzNSVCiyyZXsPc root@ubuntu-xenial (ED25519)
<14>Apr 15 11:14:44 ec2: 2048 SHA256:6wAWypndRUyTj6PHnbSBAwYQ1cS7PHQHXgb+O/V5iOM root@ubuntu-xenial (RSA)
<14>Apr 15 11:14:44 ec2: -----END SSH HOST KEY FINGERPRINTS-----
<14>Apr 15 11:14:44 ec2: #############################################################
-----BEGIN SSH HOST KEY KEYS-----
ecdsa-sha2-nistp256 AAAAE2VjZHNhLXNoYTItbmlzdHAyNTYAAAAIbmlzdHAyNTYAAABBBEIUM1fPt+hynu+NpgaWAOhrMqMJVZWzc3rhAfQU7AQa32/PKCc8FoB0MA/NAavS7GqvPjgVfXKB4FY7Ylvn+gU= root@ubuntu-xenial
ssh-ed25519 AAAAC3NzaC1lZDI1NTE5AAAAIAiCj6LnoDlEAqgKIlCiLHfrYHbMOPEQb0qxYPgyM4bl root@ubuntu-xenial
ssh-rsa AAAAB3NzaC1yc2EAAAADAQABAAABAQDJsBWI8m8RTE1X1v3DEeDXYVF6UzjHldTPhThEiqOkfqAEFoGP/gmjOkxhE7FZgFm4OIrG7E9jwup+a3q0aXq7Gn5ly/yWmIKeMhGhgvQCYekBQPMg14/2sTzFzZMtN9+RRVMrtvw3g0o3HFWPDNxHS512dRpjmGfQy5MwsH6dvmEHOXHFpNt/Z/jacRu54kuGppRafCPmnthUBidInaWZx75FIiRlFXm5xoGnZsGxKp4j9eGrtdpDpf8sMUhgZnpW6mkfiiNofPxhxMoEYdvnuKDkTw91qP1BiE+3BQKXRGxpYIyQzVAFGmWJf4ugNgR7iagr6v6TIq+znt8L2G8F root@ubuntu-xenial
-----END SSH HOST KEY KEYS-----
[   27.126101] cloud-init[1505]: Cloud-init v. 18.4-0ubuntu1~16.04.2 running 'modules:final' at Mon, 15 Apr 2019 11:14:44 +0000. Up 26.73 seconds.
[   27.130195] cloud-init[1505]: ci-info: no authorized ssh keys fingerprints found for user ubuntu.
[   27.131136] cloud-init[1505]: Cloud-init v. 18.4-0ubuntu1~16.04.2 finished at Mon, 15 Apr 2019 11:14:44 +0000. Datasource DataSourceNoCloud [seed=/dev/sdb][dsmode=net].  Up 27.08 seconds
